#
# A fatal error has been detected by the Java Runtime Environment:
#
#  SIGSEGV (0xb) at pc=0x00000001021b6662, pid=14720, tid=16643
#
# JRE version: Java(TM) SE Runtime Environment (8.0_45-b14) (build 1.8.0_45-b14)
# Java VM: Java HotSpot(TM) 64-Bit Server VM (25.45-b02 mixed mode bsd-amd64 compressed oops)
# Problematic frame:
# V  [libjvm.dylib+0x370662]  JvmtiEnv::GetClassMethods(oopDesc*, int*, _jmethodID***)+0x122
#
# Failed to write core dump. Core dumps have been disabled. To enable core dumping, try "ulimit -c unlimited" before starting Java again
#
# If you would like to submit a bug report, please visit:
#   http://bugreport.java.com/bugreport/crash.jsp
#

---------------  T H R E A D  ---------------

Current thread (0x00007fbcd9838800):  JavaThread "JDWP Transport Listener: dt_socket" daemon [_thread_in_vm, id=16643, stack(0x000000011b20f000,0x000000011b30f000)]

siginfo: si_signo: 11 (SIGSEGV), si_code: 1 (SEGV_MAPERR), si_addr: 0x00007fbd29285ce0

Registers:
RAX=0x00007fbcd8f220f0, RBX=0x00000007c0060028, RCX=0x0000000000000001, RDX=0x00007fbcd8d2d430
RSP=0x000000011b30e970, RBP=0x000000011b30e9f0, RSI=0x0000000000000000, RDI=0x00007fbcd8d0d180
R8 =0x000000011b30e8e0, R9 =0x000000011b30e8d8, R10=0x00007fbcd8d83390, R11=0x00007fbcd8c00000
R12=0x0000000000000008, R13=0x000000000a0a0900, R14=0x0000000000000009, R15=0x00007fbcd8d814e0
RIP=0x00000001021b6662, EFLAGS=0x0000000000010202, ERR=0x0000000000000006
  TRAPNO=0x000000000000000e

Top of Stack: (sp=0x000000011b30e970)
0x000000011b30e970:   000000011b30e980 0000000000000009
0x000000011b30e980:   000000011b30ea84 000000011b30ea78
0x000000011b30e990:   00007fbcd9838800 00007fbcd8d2cb50
0x000000011b30e9a0:   00007fbcd8d2d340 00007fbcd8d2d350
0x000000011b30e9b0:   00007fbcd8d2d428 00000000000000d8
0x000000011b30e9c0:   000000011b30edb0 000000011b30ea78
0x000000011b30e9d0:   00007fbcd8e01930 00007fbcd9838800
0x000000011b30e9e0:   000000011b30ea84 0000000799bd5060
0x000000011b30e9f0:   000000011b30ea60 000000010218afc7
0x000000011b30ea00:   00007fbcd9838800 00007fbcd9838800
0x000000011b30ea10:   0000000000000000 0000000100000000
0x000000011b30ea20:   0000000000000000 00007fbcd9838800
0x000000011b30ea30:   00007fbcd9838800 0000000000000001
0x000000011b30ea40:   00007fbcd8c0be00 00007fbcd8d5d280
0x000000011b30ea50:   000000011b30eb08 000000011b30ec90
0x000000011b30ea60:   000000011b30ead0 0000000102f12195
0x000000011b30ea70:   000000011b30eaa0 0000000000000000
0x000000011b30ea80:   0000000000000032 000000011b30eb08
0x000000011b30ea90:   000000011b30eb08 0000000102f40598
0x000000011b30eaa0:   000000011b30eac0 000000011b30ec90
0x000000011b30eab0:   0000000102f34e7a 00007fbcd8d5d280
0x000000011b30eac0:   000000011b30eb08 0000000102f40598
0x000000011b30ead0:   000000011b30eae0 0000000102f122ec
0x000000011b30eae0:   000000011b30ed00 0000000102f1b898
0x000000011b30eaf0:   00000c6600000013 00000000000f0200
0x000000011b30eb00:   00007fbcd8d822d0 000000011b30eb58
0x000000011b30eb10:   00007fbc0000012c 000000011b30eb20
0x000000011b30eb20:   00007fbc00000000 000000011b30eb58
0x000000011b30eb30:   0000000000000000 00007f0000000000
0x000000011b30eb40:   00000c660000000f 00007fff0000ef80
0x000000011b30eb50:   000000011b30eb58 0000000018000000
0x000000011b30eb60:   0000000100001f00 000000c401000000 

Instructions: (pc=0x00000001021b6662)
0x00000001021b6642:   45 31 e4 48 8b 83 80 01 00 00 48 8b 8b a0 01 00
0x00000001021b6652:   00 4e 63 6c a1 04 4a 8b 7c e0 08 e8 ee 7a fa ff
0x00000001021b6662:   4b 89 04 ef 49 ff c4 4d 39 e6 75 d7 48 8b 45 88
0x00000001021b6672:   48 8b 55 90 89 02 48 8b 4d 98 4c 89 39 31 db 48 

Register to memory mapping:

RAX=0x00007fbcd8f220f0 is an unknown value
RBX=0x00000007c0060028 is pointing into metadata
RCX=0x0000000000000001 is an unknown value
RDX=0x00007fbcd8d2d430 is an unknown value
RSP=0x000000011b30e970 is pointing into the stack for thread: 0x00007fbcd9838800
RBP=0x000000011b30e9f0 is pointing into the stack for thread: 0x00007fbcd9838800
RSI=0x0000000000000000 is an unknown value
RDI=0x00007fbcd8d0d180 is an unknown value
R8 =0x000000011b30e8e0 is pointing into the stack for thread: 0x00007fbcd9838800
R9 =0x000000011b30e8d8 is pointing into the stack for thread: 0x00007fbcd9838800
R10=0x00007fbcd8d83390 is an unknown value
R11=0x00007fbcd8c00000 is an unknown value
R12=0x0000000000000008 is an unknown value
R13=0x000000000a0a0900 is an unknown value
R14=0x0000000000000009 is an unknown value
R15=0x00007fbcd8d814e0 is an unknown value


Stack: [0x000000011b20f000,0x000000011b30f000],  sp=0x000000011b30e970,  free space=1022k
Native frames: (J=compiled Java code, j=interpreted, Vv=VM code, C=native code)
V  [libjvm.dylib+0x370662]  JvmtiEnv::GetClassMethods(oopDesc*, int*, _jmethodID***)+0x122
V  [libjvm.dylib+0x344fc7]  jvmti_GetClassMethods+0x130
C  [libjdwp.dylib+0x5195]  methods1+0xad
C  [libjdwp.dylib+0x52ec]  methodsWithGeneric+0xe
C  [libjdwp.dylib+0xe898]  debugLoop_run+0x1ce
C  [libjdwp.dylib+0x1f6ba]  attachThread+0x4d
V  [libjvm.dylib+0x38401c]  JvmtiAgentThread::call_start_function()+0x38
V  [libjvm.dylib+0x549acf]  JavaThread::thread_main_inner()+0x9b
V  [libjvm.dylib+0x54b1c0]  JavaThread::run()+0x1c2
V  [libjvm.dylib+0x46ea7e]  java_start(Thread*)+0xf6
C  [libsystem_pthread.dylib+0x3268]  _pthread_body+0x83
C  [libsystem_pthread.dylib+0x31e5]  _pthread_body+0x0
C  [libsystem_pthread.dylib+0x141d]  thread_start+0xd
C  0x0000000000000000


---------------  P R O C E S S  ---------------

Java Threads: ( => current thread )
  0x00007fbcda956000 JavaThread "Abandoned connection cleanup thread" daemon [_thread_blocked, id=20739, stack(0x000000011bb7b000,0x000000011bc7b000)]
  0x00007fbcda036000 JavaThread "Service Thread" daemon [_thread_blocked, id=19715, stack(0x000000011b821000,0x000000011b921000)]
  0x00007fbcda83b000 JavaThread "C1 CompilerThread2" daemon [_thread_blocked, id=19203, stack(0x000000011b71e000,0x000000011b81e000)]
  0x00007fbcda83a800 JavaThread "C2 CompilerThread1" daemon [_thread_blocked, id=18691, stack(0x000000011b61b000,0x000000011b71b000)]
  0x00007fbcda02e000 JavaThread "C2 CompilerThread0" daemon [_thread_blocked, id=18179, stack(0x000000011b518000,0x000000011b618000)]
  0x00007fbcd983a000 JavaThread "JDWP Command Reader" daemon [_thread_in_native, id=17667, stack(0x000000011b415000,0x000000011b515000)]
  0x00007fbcd9839000 JavaThread "JDWP Event Helper Thread" daemon [_thread_blocked, id=17155, stack(0x000000011b312000,0x000000011b412000)]
=>0x00007fbcd9838800 JavaThread "JDWP Transport Listener: dt_socket" daemon [_thread_in_vm, id=16643, stack(0x000000011b20f000,0x000000011b30f000)]
  0x00007fbcda035000 JavaThread "Signal Dispatcher" daemon [_thread_blocked, id=13335, stack(0x000000011b105000,0x000000011b205000)]
  0x00007fbcda815800 JavaThread "Finalizer" daemon [_thread_blocked, id=11523, stack(0x00000001196e5000,0x00000001197e5000)]
  0x00007fbcda013800 JavaThread "Reference Handler" daemon [_thread_blocked, id=11011, stack(0x00000001195e2000,0x00000001196e2000)]
  0x00007fbcda802800 JavaThread "main" [_thread_blocked, id=3331, stack(0x0000000102db0000,0x0000000102eb0000)]

Other Threads:
  0x00007fbcda010800 VMThread [stack: 0x00000001194df000,0x00000001195df000] [id=10499]
  0x00007fbcd901b800 WatcherThread [stack: 0x000000011b924000,0x000000011ba24000] [id=20227]

VM state:not at safepoint (normal execution)

VM Mutex/Monitor currently owned by a thread: None

Heap:
 PSYoungGen      total 71680K, used 36412K [0x0000000795580000, 0x000000079a080000, 0x00000007c0000000)
  eden space 66560K, 47% used [0x0000000795580000,0x0000000797413aa8,0x0000000799680000)
  from space 5120K, 99% used [0x0000000799b80000,0x000000079a07b8e0,0x000000079a080000)
  to   space 5120K, 0% used [0x0000000799680000,0x0000000799680000,0x0000000799b80000)
 ParOldGen       total 87552K, used 20063K [0x0000000740000000, 0x0000000745580000, 0x0000000795580000)
  object space 87552K, 22% used [0x0000000740000000,0x0000000741397c90,0x0000000745580000)
 Metaspace       used 11136K, capacity 11248K, committed 11520K, reserved 1058816K
  class space    used 1194K, capacity 1232K, committed 1280K, reserved 1048576K

Card table byte_map: [0x0000000112bc0000,0x0000000112fc1000] byte_map_base: 0x000000010f1c0000

Marking Bits: (ParMarkBitMap*) 0x00000001027087a0
 Begin Bits: [0x0000000113678000, 0x0000000115678000)
 End Bits:   [0x0000000115678000, 0x0000000117678000)

Polling page: 0x0000000102f0c000

CodeCache: size=245760Kb used=3457Kb max_used=3493Kb free=242303Kb
 bounds [0x0000000103800000, 0x0000000103b70000, 0x0000000112800000]
 total_blobs=1119 nmethods=728 adapters=313
 compilation: enabled

Compilation events (10 events):
Event: 3.107 Thread 0x00007fbcda83a800 nmethod 609 0x0000000103b4bbd0 code [0x0000000103b4bda0, 0x0000000103b4caf8]
Event: 3.107 Thread 0x00007fbcda83a800  599       4       java.util.HashMap::put (13 bytes)
Event: 3.109 Thread 0x00007fbcda83a800 nmethod 599 0x0000000103b484d0 code [0x0000000103b48620, 0x0000000103b48748]
Event: 3.109 Thread 0x00007fbcda83a800  596       4       java.util.HashMap::newNode (13 bytes)
Event: 3.109 Thread 0x00007fbcda02e000 nmethod 653% 0x0000000103b46e50 code [0x0000000103b470a0, 0x0000000103b47bc0]
Event: 3.109 Thread 0x00007fbcda02e000  618       4       org.wltea.analyzer.dic.DictSegment::compareTo (9 bytes)
Event: 3.110 Thread 0x00007fbcda02e000 nmethod 618 0x0000000103b49910 code [0x0000000103b49a60, 0x0000000103b49bb8]
Event: 3.111 Thread 0x00007fbcda83a800 nmethod 596 0x0000000103b222d0 code [0x0000000103b22420, 0x0000000103b22538]
Event: 28.956 Thread 0x00007fbcda83a800  731       4       java.lang.AbstractStringBuilder::expandCapacity (50 bytes)
Event: 28.960 Thread 0x00007fbcda83a800 nmethod 731 0x0000000103b4d890 code [0x0000000103b4d9e0, 0x0000000103b4dc18]

GC Heap History (4 events):
Event: 2.201 GC heap before
{Heap before GC invocations=1 (full 0):
 PSYoungGen      total 38400K, used 33280K [0x0000000795580000, 0x0000000798000000, 0x00000007c0000000)
  eden space 33280K, 100% used [0x0000000795580000,0x0000000797600000,0x0000000797600000)
  from space 5120K, 0% used [0x0000000797b00000,0x0000000797b00000,0x0000000798000000)
  to   space 5120K, 0% used [0x0000000797600000,0x0000000797600000,0x0000000797b00000)
 ParOldGen       total 87552K, used 0K [0x0000000740000000, 0x0000000745580000, 0x0000000795580000)
  object space 87552K, 0% used [0x0000000740000000,0x0000000740000000,0x0000000745580000)
 Metaspace       used 9039K, capacity 9136K, committed 9216K, reserved 1056768K
  class space    used 946K, capacity 976K, committed 1024K, reserved 1048576K
Event: 2.226 GC heap after
Heap after GC invocations=1 (full 0):
 PSYoungGen      total 38400K, used 5118K [0x0000000795580000, 0x000000079a080000, 0x00000007c0000000)
  eden space 33280K, 0% used [0x0000000795580000,0x0000000795580000,0x0000000797600000)
  from space 5120K, 99% used [0x0000000797600000,0x0000000797aff8e0,0x0000000797b00000)
  to   space 5120K, 0% used [0x0000000799b80000,0x0000000799b80000,0x000000079a080000)
 ParOldGen       total 87552K, used 5567K [0x0000000740000000, 0x0000000745580000, 0x0000000795580000)
  object space 87552K, 6% used [0x0000000740000000,0x000000074056fc60,0x0000000745580000)
 Metaspace       used 9039K, capacity 9136K, committed 9216K, reserved 1056768K
  class space    used 946K, capacity 976K, committed 1024K, reserved 1048576K
}
Event: 2.559 GC heap before
{Heap before GC invocations=2 (full 0):
 PSYoungGen      total 38400K, used 38398K [0x0000000795580000, 0x000000079a080000, 0x00000007c0000000)
  eden space 33280K, 100% used [0x0000000795580000,0x0000000797600000,0x0000000797600000)
  from space 5120K, 99% used [0x0000000797600000,0x0000000797aff8e0,0x0000000797b00000)
  to   space 5120K, 0% used [0x0000000799b80000,0x0000000799b80000,0x000000079a080000)
 ParOldGen       total 87552K, used 5567K [0x0000000740000000, 0x0000000745580000, 0x0000000795580000)
  object space 87552K, 6% used [0x0000000740000000,0x000000074056fc60,0x0000000745580000)
 Metaspace       used 9058K, capacity 9200K, committed 9472K, reserved 1058816K
  class space    used 946K, capacity 976K, committed 1024K, reserved 1048576K
Event: 2.593 GC heap after
Heap after GC invocations=2 (full 0):
 PSYoungGen      total 71680K, used 5102K [0x0000000795580000, 0x000000079a080000, 0x00000007c0000000)
  eden space 66560K, 0% used [0x0000000795580000,0x0000000795580000,0x0000000799680000)
  from space 5120K, 99% used [0x0000000799b80000,0x000000079a07b8e0,0x000000079a080000)
  to   space 5120K, 0% used [0x0000000799680000,0x0000000799680000,0x0000000799b80000)
 ParOldGen       total 87552K, used 20063K [0x0000000740000000, 0x0000000745580000, 0x0000000795580000)
  object space 87552K, 22% used [0x0000000740000000,0x0000000741397c90,0x0000000745580000)
 Metaspace       used 9058K, capacity 9200K, committed 9472K, reserved 1058816K
  class space    used 946K, capacity 976K, committed 1024K, reserved 1048576K
}

Deoptimization events (10 events):
Event: 1.061 Thread 0x00007fbcda802800 Uncommon trap: reason=unstable_if action=reinterpret pc=0x000000010396c7b4 method=java.util.Properties.loadConvert([CII[C)Ljava/lang/String; @ 4
Event: 1.108 Thread 0x00007fbcda802800 Uncommon trap: reason=unstable_if action=reinterpret pc=0x00000001039bc8cc method=java.lang.String.indexOf([CII[CIII)I @ 3
Event: 1.807 Thread 0x00007fbcda802800 Uncommon trap: reason=unstable_if action=reinterpret pc=0x0000000103a582e0 method=java.lang.String.lastIndexOf([CII[CIII)I @ 66
Event: 1.814 Thread 0x00007fbcda802800 Uncommon trap: reason=unstable_if action=reinterpret pc=0x000000010398ea60 method=java.lang.CharacterData.of(I)Ljava/lang/CharacterData; @ 4
Event: 2.041 Thread 0x00007fbcda802800 Uncommon trap: reason=unstable_if action=reinterpret pc=0x0000000103acade4 method=java.util.Arrays.binarySearch0([Ljava/lang/Object;IILjava/lang/Object;)I @ 59
Event: 2.620 Thread 0x00007fbcda802800 Uncommon trap: reason=unstable_if action=reinterpret pc=0x0000000103aed438 method=sun.nio.cs.UTF_8$Decoder.decodeArrayLoop(Ljava/nio/ByteBuffer;Ljava/nio/CharBuffer;)Ljava/nio/charset/CoderResult; @ 167
Event: 2.662 Thread 0x00007fbcda802800 Uncommon trap: reason=array_check action=maybe_recompile pc=0x0000000103af489c method=java.util.ComparableTimSort.binarySort([Ljava/lang/Object;III)V @ 193
Event: 2.742 Thread 0x00007fbcda802800 Uncommon trap: reason=array_check action=maybe_recompile pc=0x0000000103af4994 method=java.util.ComparableTimSort.binarySort([Ljava/lang/Object;III)V @ 183
Event: 2.762 Thread 0x00007fbcda802800 Uncommon trap: reason=bimorphic action=maybe_recompile pc=0x0000000103aef7f0 method=java.util.HashMap.putVal(ILjava/lang/Object;Ljava/lang/Object;ZZ)Ljava/lang/Object; @ 91
Event: 3.034 Thread 0x00007fbcda802800 Uncommon trap: reason=bimorphic action=maybe_recompile pc=0x0000000103aef7f0 method=java.util.HashMap.putVal(ILjava/lang/Object;Ljava/lang/Object;ZZ)Ljava/lang/Object; @ 91

Internal exceptions (7 events):
Event: 0.052 Thread 0x00007fbcda802800 Exception <a 'java/lang/NoSuchMethodError': Method sun.misc.Unsafe.defineClass(Ljava/lang/String;[BII)Ljava/lang/Class; name or signature does not match> (0x0000000795592db0) thrown at [/Users/java_re/workspace/8-2-build-macosx-x86_64/jdk8u45/3457/hotspot
Event: 0.052 Thread 0x00007fbcda802800 Exception <a 'java/lang/NoSuchMethodError': Method sun.misc.Unsafe.prefetchRead(Ljava/lang/Object;J)V name or signature does not match> (0x0000000795593040) thrown at [/Users/java_re/workspace/8-2-build-macosx-x86_64/jdk8u45/3457/hotspot/src/share/vm/prim
Event: 0.458 Thread 0x00007fbcda802800 Exception <a 'java/security/PrivilegedActionException'> (0x00000007958f3190) thrown at [/Users/java_re/workspace/8-2-build-macosx-x86_64/jdk8u45/3457/hotspot/src/share/vm/prims/jvm.cpp, line 1382]
Event: 0.458 Thread 0x00007fbcda802800 Exception <a 'java/security/PrivilegedActionException'> (0x00000007958f3348) thrown at [/Users/java_re/workspace/8-2-build-macosx-x86_64/jdk8u45/3457/hotspot/src/share/vm/prims/jvm.cpp, line 1382]
Event: 0.459 Thread 0x00007fbcda802800 Exception <a 'java/security/PrivilegedActionException'> (0x00000007958f66c8) thrown at [/Users/java_re/workspace/8-2-build-macosx-x86_64/jdk8u45/3457/hotspot/src/share/vm/prims/jvm.cpp, line 1382]
Event: 0.459 Thread 0x00007fbcda802800 Exception <a 'java/security/PrivilegedActionException'> (0x00000007958f6880) thrown at [/Users/java_re/workspace/8-2-build-macosx-x86_64/jdk8u45/3457/hotspot/src/share/vm/prims/jvm.cpp, line 1382]
Event: 67.649 Thread 0x00007fbcda802800 Exception <a 'java/lang/ArrayIndexOutOfBoundsException': 0> (0x0000000797345a78) thrown at [/Users/java_re/workspace/8-2-build-macosx-x86_64/jdk8u45/3457/hotspot/src/share/vm/interpreter/interpreterRuntime.cpp, line 366]

Events (10 events):
Event: 44135.587 Executing VM operation: RedefineClasses
Event: 44135.595 Executing VM operation: RedefineClasses done
Event: 44892.260 Executing VM operation: RedefineClasses
Event: 44892.273 Executing VM operation: RedefineClasses done
Event: 45513.165 Executing VM operation: RedefineClasses
Event: 45513.176 Executing VM operation: RedefineClasses done
Event: 47699.118 Executing VM operation: RedefineClasses
Event: 47699.127 Executing VM operation: RedefineClasses done
Event: 47996.178 Executing VM operation: RedefineClasses
Event: 47996.189 Executing VM operation: RedefineClasses done


Dynamic libraries:
0x00000000033b2000 	/System/Library/Frameworks/Cocoa.framework/Versions/A/Cocoa
0x00000000033b2000 	/System/Library/Frameworks/Security.framework/Versions/A/Security
0x00000000033b2000 	/System/Library/Frameworks/ApplicationServices.framework/Versions/A/ApplicationServices
0x00000000033b2000 	/usr/lib/libz.1.dylib
0x00000000033b2000 	/usr/lib/libSystem.B.dylib
0x00000000033b2000 	/usr/lib/libobjc.A.dylib
0x00000000033b2000 	/System/Library/Frameworks/CoreFoundation.framework/Versions/A/CoreFoundation
0x00000000033b2000 	/System/Library/Frameworks/Foundation.framework/Versions/C/Foundation
0x00000000033b2000 	/System/Library/Frameworks/AppKit.framework/Versions/C/AppKit
0x00000000033b2000 	/System/Library/Frameworks/CoreData.framework/Versions/A/CoreData
0x00000000033b2000 	/System/Library/PrivateFrameworks/RemoteViewServices.framework/Versions/A/RemoteViewServices
0x00000000033b2000 	/System/Library/PrivateFrameworks/UIFoundation.framework/Versions/A/UIFoundation
0x00000000033b2000 	/System/Library/Frameworks/IOSurface.framework/Versions/A/IOSurface
0x00000000033b2000 	/System/Library/Frameworks/AudioToolbox.framework/Versions/A/AudioToolbox
0x00000000033b2000 	/System/Library/Frameworks/AudioUnit.framework/Versions/A/AudioUnit
0x00000000033b2000 	/System/Library/PrivateFrameworks/DataDetectorsCore.framework/Versions/A/DataDetectorsCore
0x00000000033b2000 	/System/Library/PrivateFrameworks/DesktopServicesPriv.framework/Versions/A/DesktopServicesPriv
0x00000000033b2000 	/System/Library/Frameworks/Carbon.framework/Versions/A/Frameworks/HIToolbox.framework/Versions/A/HIToolbox
0x00000000033b2000 	/System/Library/Frameworks/QuartzCore.framework/Versions/A/QuartzCore
0x00000000033b2000 	/System/Library/Frameworks/Carbon.framework/Versions/A/Frameworks/SpeechRecognition.framework/Versions/A/SpeechRecognition
0x00000000033b2000 	/usr/lib/libauto.dylib
0x00000000033b2000 	/usr/lib/libicucore.A.dylib
0x00000000033b2000 	/usr/lib/libxml2.2.dylib
0x00000000033b2000 	/System/Library/PrivateFrameworks/CoreUI.framework/Versions/A/CoreUI
0x00000000033b2000 	/System/Library/Frameworks/CoreAudio.framework/Versions/A/CoreAudio
0x00000000033b2000 	/System/Library/Frameworks/DiskArbitration.framework/Versions/A/DiskArbitration
0x00000000033b2000 	/usr/lib/liblangid.dylib
0x00000000033b2000 	/System/Library/PrivateFrameworks/MultitouchSupport.framework/Versions/A/MultitouchSupport
0x00000000033b2000 	/System/Library/Frameworks/IOKit.framework/Versions/A/IOKit
0x00000000033b2000 	/usr/lib/libDiagnosticMessagesClient.dylib
0x00000000033b2000 	/System/Library/Frameworks/CoreServices.framework/Versions/A/CoreServices
0x00000000033b2000 	/System/Library/PrivateFrameworks/PerformanceAnalysis.framework/Versions/A/PerformanceAnalysis
0x00000000033b2000 	/System/Library/PrivateFrameworks/GenerationalStorage.framework/Versions/A/GenerationalStorage
0x00000000033b2000 	/System/Library/Frameworks/OpenGL.framework/Versions/A/OpenGL
0x00000000033b2000 	/System/Library/PrivateFrameworks/Sharing.framework/Versions/A/Sharing
0x00000000033b2000 	/System/Library/Frameworks/CoreGraphics.framework/Versions/A/CoreGraphics
0x00000000033b2000 	/System/Library/Frameworks/CoreText.framework/Versions/A/CoreText
0x00000000033b2000 	/System/Library/Frameworks/ImageIO.framework/Versions/A/ImageIO
0x00000000033b2000 	/usr/lib/libextension.dylib
0x00000000033b2000 	/System/Library/PrivateFrameworks/Backup.framework/Versions/A/Backup
0x00000000033b2000 	/usr/lib/libarchive.2.dylib
0x00000000033b2000 	/System/Library/Frameworks/CFNetwork.framework/Versions/A/CFNetwork
0x00000000033b2000 	/System/Library/Frameworks/SystemConfiguration.framework/Versions/A/SystemConfiguration
0x00000000033b2000 	/usr/lib/libCRFSuite.dylib
0x00000000033b2000 	/usr/lib/libc++.1.dylib
0x00000000033b2000 	/usr/lib/libc++abi.dylib
0x00000000033b2000 	/usr/lib/system/libcache.dylib
0x00000000033b2000 	/usr/lib/system/libcommonCrypto.dylib
0x00000000033b2000 	/usr/lib/system/libcompiler_rt.dylib
0x00000000033b2000 	/usr/lib/system/libcopyfile.dylib
0x00000000033b2000 	/usr/lib/system/libcorecrypto.dylib
0x00000000033b2000 	/usr/lib/system/libdispatch.dylib
0x00000000033b2000 	/usr/lib/system/libdyld.dylib
0x00000000033b2000 	/usr/lib/system/libkeymgr.dylib
0x00000000033b2000 	/usr/lib/system/liblaunch.dylib
0x00000000033b2000 	/usr/lib/system/libmacho.dylib
0x00000000033b2000 	/usr/lib/system/libquarantine.dylib
0x00000000033b2000 	/usr/lib/system/libremovefile.dylib
0x00000000033b2000 	/usr/lib/system/libsystem_asl.dylib
0x00000000033b2000 	/usr/lib/system/libsystem_blocks.dylib
0x00000000033b2000 	/usr/lib/system/libsystem_c.dylib
0x00000000033b2000 	/usr/lib/system/libsystem_configuration.dylib
0x00000000033b2000 	/usr/lib/system/libsystem_coreservices.dylib
0x00000000033b2000 	/usr/lib/system/libsystem_coretls.dylib
0x00000000033b2000 	/usr/lib/system/libsystem_dnssd.dylib
0x00000000033b2000 	/usr/lib/system/libsystem_info.dylib
0x00000000033b2000 	/usr/lib/system/libsystem_kernel.dylib
0x00000000033b2000 	/usr/lib/system/libsystem_m.dylib
0x00000000033b2000 	/usr/lib/system/libsystem_malloc.dylib
0x00000000033b2000 	/usr/lib/system/libsystem_network.dylib
0x00000000033b2000 	/usr/lib/system/libsystem_networkextension.dylib
0x00000000033b2000 	/usr/lib/system/libsystem_notify.dylib
0x00000000033b2000 	/usr/lib/system/libsystem_platform.dylib
0x00000000033b2000 	/usr/lib/system/libsystem_pthread.dylib
0x00000000033b2000 	/usr/lib/system/libsystem_sandbox.dylib
0x00000000033b2000 	/usr/lib/system/libsystem_secinit.dylib
0x00000000033b2000 	/usr/lib/system/libsystem_stats.dylib
0x00000000033b2000 	/usr/lib/system/libsystem_trace.dylib
0x00000000033b2000 	/usr/lib/system/libunc.dylib
0x00000000033b2000 	/usr/lib/system/libunwind.dylib
0x00000000033b2000 	/usr/lib/system/libxpc.dylib
0x00000000033b2000 	/usr/lib/libbz2.1.0.dylib
0x00000000033b2000 	/usr/lib/liblzma.5.dylib
0x00000000033b2000 	/usr/lib/libbsm.0.dylib
0x00000000033b2000 	/usr/lib/libsqlite3.dylib
0x00000000033b2000 	/usr/lib/system/libkxld.dylib
0x00000000033b2000 	/usr/lib/libxar.1.dylib
0x00000000033b2000 	/usr/lib/libpam.2.dylib
0x00000000033b2000 	/usr/lib/libOpenScriptingUtil.dylib
0x00000000033b2000 	/System/Library/Frameworks/CoreServices.framework/Versions/A/Frameworks/FSEvents.framework/Versions/A/FSEvents
0x00000000033b2000 	/System/Library/Frameworks/CoreServices.framework/Versions/A/Frameworks/CarbonCore.framework/Versions/A/CarbonCore
0x00000000033b2000 	/System/Library/Frameworks/CoreServices.framework/Versions/A/Frameworks/Metadata.framework/Versions/A/Metadata
0x00000000033b2000 	/System/Library/Frameworks/CoreServices.framework/Versions/A/Frameworks/OSServices.framework/Versions/A/OSServices
0x00000000033b2000 	/System/Library/Frameworks/CoreServices.framework/Versions/A/Frameworks/SearchKit.framework/Versions/A/SearchKit
0x00000000033b2000 	/System/Library/Frameworks/CoreServices.framework/Versions/A/Frameworks/AE.framework/Versions/A/AE
0x00000000033b2000 	/System/Library/Frameworks/CoreServices.framework/Versions/A/Frameworks/LaunchServices.framework/Versions/A/LaunchServices
0x00000000033b2000 	/System/Library/Frameworks/CoreServices.framework/Versions/A/Frameworks/DictionaryServices.framework/Versions/A/DictionaryServices
0x00000000033b2000 	/System/Library/Frameworks/NetFS.framework/Versions/A/NetFS
0x00000000033b2000 	/System/Library/PrivateFrameworks/NetAuth.framework/Versions/A/NetAuth
0x00000000033b2000 	/System/Library/PrivateFrameworks/login.framework/Versions/A/Frameworks/loginsupport.framework/Versions/A/loginsupport
0x00000000033b2000 	/System/Library/PrivateFrameworks/TCC.framework/Versions/A/TCC
0x00000000033b2000 	/usr/lib/libmecabra.dylib
0x00000000033b2000 	/System/Library/Frameworks/ApplicationServices.framework/Versions/A/Frameworks/ATS.framework/Versions/A/ATS
0x00000000033b2000 	/System/Library/Frameworks/ApplicationServices.framework/Versions/A/Frameworks/ColorSync.framework/Versions/A/ColorSync
0x00000000033b2000 	/System/Library/Frameworks/ApplicationServices.framework/Versions/A/Frameworks/HIServices.framework/Versions/A/HIServices
0x00000000033b2000 	/System/Library/Frameworks/ApplicationServices.framework/Versions/A/Frameworks/LangAnalysis.framework/Versions/A/LangAnalysis
0x00000000033b2000 	/System/Library/Frameworks/ApplicationServices.framework/Versions/A/Frameworks/PrintCore.framework/Versions/A/PrintCore
0x00000000033b2000 	/System/Library/Frameworks/ApplicationServices.framework/Versions/A/Frameworks/QD.framework/Versions/A/QD
0x00000000033b2000 	/System/Library/Frameworks/ApplicationServices.framework/Versions/A/Frameworks/SpeechSynthesis.framework/Versions/A/SpeechSynthesis
0x00000000033b2000 	/System/Library/Frameworks/Accelerate.framework/Versions/A/Accelerate
0x00000000033b2000 	/System/Library/Frameworks/Accelerate.framework/Versions/A/Frameworks/vImage.framework/Versions/A/vImage
0x00000000033b2000 	/System/Library/Frameworks/Accelerate.framework/Versions/A/Frameworks/vecLib.framework/Versions/A/vecLib
0x00000000033b2000 	/System/Library/Frameworks/Accelerate.framework/Versions/A/Frameworks/vecLib.framework/Versions/A/libvDSP.dylib
0x00000000033b2000 	/System/Library/Frameworks/Accelerate.framework/Versions/A/Frameworks/vecLib.framework/Versions/A/libvMisc.dylib
0x00000000033b2000 	/System/Library/Frameworks/Accelerate.framework/Versions/A/Frameworks/vecLib.framework/Versions/A/libLAPACK.dylib
0x00000000033b2000 	/System/Library/Frameworks/Accelerate.framework/Versions/A/Frameworks/vecLib.framework/Versions/A/libBLAS.dylib
0x00000000033b2000 	/System/Library/Frameworks/Accelerate.framework/Versions/A/Frameworks/vecLib.framework/Versions/A/libLinearAlgebra.dylib
0x00000000033b2000 	/System/Library/Frameworks/ApplicationServices.framework/Versions/A/Frameworks/ATS.framework/Versions/A/Resources/libFontParser.dylib
0x00000000033b2000 	/System/Library/Frameworks/ApplicationServices.framework/Versions/A/Frameworks/ATS.framework/Versions/A/Resources/libFontRegistry.dylib
0x00000000033b2000 	/System/Library/PrivateFrameworks/AppleVPA.framework/Versions/A/AppleVPA
0x00000000033b2000 	/System/Library/PrivateFrameworks/AppleJPEG.framework/Versions/A/AppleJPEG
0x00000000033b2000 	/System/Library/Frameworks/ImageIO.framework/Versions/A/Resources/libJPEG.dylib
0x00000000033b2000 	/System/Library/Frameworks/ImageIO.framework/Versions/A/Resources/libTIFF.dylib
0x00000000033b2000 	/System/Library/Frameworks/ImageIO.framework/Versions/A/Resources/libPng.dylib
0x00000000033b2000 	/System/Library/Frameworks/ImageIO.framework/Versions/A/Resources/libGIF.dylib
0x00000000033b2000 	/System/Library/Frameworks/ImageIO.framework/Versions/A/Resources/libJP2.dylib
0x00000000033b2000 	/System/Library/Frameworks/ImageIO.framework/Versions/A/Resources/libRadiance.dylib
0x00000000033b2000 	/System/Library/Frameworks/CoreVideo.framework/Versions/A/CoreVideo
0x00000000033b2000 	/System/Library/Frameworks/OpenGL.framework/Versions/A/Libraries/libGLU.dylib
0x00000000033b2000 	/System/Library/Frameworks/OpenGL.framework/Versions/A/Libraries/libGFXShared.dylib
0x00000000033b2000 	/System/Library/Frameworks/OpenGL.framework/Versions/A/Libraries/libGL.dylib
0x00000000033b2000 	/System/Library/Frameworks/OpenGL.framework/Versions/A/Libraries/libGLImage.dylib
0x00000000033b2000 	/System/Library/Frameworks/OpenGL.framework/Versions/A/Libraries/libCVMSPluginSupport.dylib
0x00000000033b2000 	/System/Library/Frameworks/OpenGL.framework/Versions/A/Libraries/libCoreVMClient.dylib
0x00000000033b2000 	/usr/lib/libcups.2.dylib
0x00000000033b2000 	/System/Library/Frameworks/Kerberos.framework/Versions/A/Kerberos
0x00000000033b2000 	/System/Library/Frameworks/GSS.framework/Versions/A/GSS
0x00000000033b2000 	/usr/lib/libresolv.9.dylib
0x00000000033b2000 	/usr/lib/libiconv.2.dylib
0x00000000033b2000 	/System/Library/PrivateFrameworks/Heimdal.framework/Versions/A/Heimdal
0x00000000033b2000 	/usr/lib/libheimdal-asn1.dylib
0x00000000033b2000 	/System/Library/Frameworks/OpenDirectory.framework/Versions/A/OpenDirectory
0x00000000033b2000 	/System/Library/PrivateFrameworks/CommonAuth.framework/Versions/A/CommonAuth
0x00000000033b2000 	/System/Library/Frameworks/OpenDirectory.framework/Versions/A/Frameworks/CFOpenDirectory.framework/Versions/A/CFOpenDirectory
0x00000000033b2000 	/System/Library/Frameworks/SecurityFoundation.framework/Versions/A/SecurityFoundation
0x00000000033b2000 	/System/Library/PrivateFrameworks/LanguageModeling.framework/Versions/A/LanguageModeling
0x00000000033b2000 	/usr/lib/libcmph.dylib
0x00000000033b2000 	/System/Library/Frameworks/ServiceManagement.framework/Versions/A/ServiceManagement
0x00000000033b2000 	/usr/lib/libxslt.1.dylib
0x00000000033b2000 	/System/Library/Frameworks/Carbon.framework/Versions/A/Frameworks/Ink.framework/Versions/A/Ink
0x00000000033b2000 	/System/Library/Frameworks/QuartzCore.framework/Versions/A/Frameworks/CoreImage.framework/Versions/A/CoreImage
0x00000000033b2000 	/System/Library/PrivateFrameworks/CrashReporterSupport.framework/Versions/A/CrashReporterSupport
0x00000000033b2000 	/System/Library/Frameworks/OpenCL.framework/Versions/A/OpenCL
0x00000000033b2000 	/System/Library/PrivateFrameworks/FaceCore.framework/Versions/A/FaceCore
0x00000000033b2000 	/System/Library/PrivateFrameworks/Ubiquity.framework/Versions/A/Ubiquity
0x00000000033b2000 	/System/Library/PrivateFrameworks/IconServices.framework/Versions/A/IconServices
0x00000000033b2000 	/System/Library/PrivateFrameworks/ChunkingLibrary.framework/Versions/A/ChunkingLibrary
0x00000000033b2000 	/System/Library/PrivateFrameworks/Apple80211.framework/Versions/A/Apple80211
0x00000000033b2000 	/System/Library/Frameworks/CoreWLAN.framework/Versions/A/CoreWLAN
0x00000000033b2000 	/System/Library/Frameworks/IOBluetooth.framework/Versions/A/IOBluetooth
0x00000000033b2000 	/System/Library/PrivateFrameworks/CoreWiFi.framework/Versions/A/CoreWiFi
0x00000000033b2000 	/System/Library/Frameworks/CoreBluetooth.framework/Versions/A/CoreBluetooth
0x00000000033b2000 	/System/Library/PrivateFrameworks/DebugSymbols.framework/Versions/A/DebugSymbols
0x00000000033b2000 	/System/Library/PrivateFrameworks/CoreSymbolication.framework/Versions/A/CoreSymbolication
0x00000000033b2000 	/System/Library/PrivateFrameworks/Symbolication.framework/Versions/A/Symbolication
0x00000000033b2000 	/System/Library/PrivateFrameworks/SpeechRecognitionCore.framework/Versions/A/SpeechRecognitionCore
0x0000000101e46000 	/Library/Java/JavaVirtualMachines/jdk1.8.0_45.jdk/Contents/Home/jre/lib/server/libjvm.dylib
0x00000000033b2000 	/usr/lib/libstdc++.6.dylib
0x0000000102ec9000 	/Library/Java/JavaVirtualMachines/jdk1.8.0_45.jdk/Contents/Home/jre/lib/libverify.dylib
0x0000000102ed7000 	/Library/Java/JavaVirtualMachines/jdk1.8.0_45.jdk/Contents/Home/jre/lib/libjava.dylib
0x0000000102f0d000 	/Library/Java/JavaVirtualMachines/jdk1.8.0_45.jdk/Contents/Home/jre/lib/libjdwp.dylib
0x0000000102f58000 	/Library/Java/JavaVirtualMachines/jdk1.8.0_45.jdk/Contents/Home/jre/lib/libnpt.dylib
0x0000000102f65000 	/Library/Java/JavaVirtualMachines/jdk1.8.0_45.jdk/Contents/Home/jre/lib/libzip.dylib
0x00000001197e7000 	/System/Library/Frameworks/JavaVM.framework/Frameworks/JavaRuntimeSupport.framework/JavaRuntimeSupport
0x00000001197fd000 	/System/Library/Frameworks/JavaVM.framework/Versions/A/Frameworks/JavaNativeFoundation.framework/Versions/A/JavaNativeFoundation
0x0000000119811000 	/System/Library/Frameworks/JavaVM.framework/Versions/A/JavaVM
0x00000000033b2000 	/System/Library/Frameworks/Carbon.framework/Versions/A/Carbon
0x000000011981d000 	/System/Library/PrivateFrameworks/JavaLaunching.framework/Versions/A/JavaLaunching
0x00000000033b2000 	/System/Library/Frameworks/Carbon.framework/Versions/A/Frameworks/CommonPanels.framework/Versions/A/CommonPanels
0x00000000033b2000 	/System/Library/Frameworks/Carbon.framework/Versions/A/Frameworks/Help.framework/Versions/A/Help
0x00000000033b2000 	/System/Library/Frameworks/Carbon.framework/Versions/A/Frameworks/ImageCapture.framework/Versions/A/ImageCapture
0x00000000033b2000 	/System/Library/Frameworks/Carbon.framework/Versions/A/Frameworks/OpenScripting.framework/Versions/A/OpenScripting
0x00000000033b2000 	/System/Library/Frameworks/Carbon.framework/Versions/A/Frameworks/Print.framework/Versions/A/Print
0x00000000033b2000 	/System/Library/Frameworks/Carbon.framework/Versions/A/Frameworks/SecurityHI.framework/Versions/A/SecurityHI
0x000000011b207000 	/Library/Java/JavaVirtualMachines/jdk1.8.0_45.jdk/Contents/Home/jre/lib/libdt_socket.dylib
0x000000011bda2000 	/Library/Java/JavaVirtualMachines/jdk1.8.0_45.jdk/Contents/Home/jre/lib/libnet.dylib
0x000000011c076000 	/Library/Java/JavaVirtualMachines/jdk1.8.0_45.jdk/Contents/Home/jre/lib/libmanagement.dylib

VM Arguments:
jvm_args: -agentlib:jdwp=transport=dt_socket,address=127.0.0.1:49294,suspend=y,server=n -Dfile.encoding=UTF-8 
java_command: main.FaqSearch
java_class_path (initial): /Library/Java/JavaVirtualMachines/jdk1.8.0_45.jdk/Contents/Home/lib/ant-javafx.jar:/Library/Java/JavaVirtualMachines/jdk1.8.0_45.jdk/Contents/Home/lib/dt.jar:/Library/Java/JavaVirtualMachines/jdk1.8.0_45.jdk/Contents/Home/lib/javafx-mx.jar:/Library/Java/JavaVirtualMachines/jdk1.8.0_45.jdk/Contents/Home/lib/jconsole.jar:/Library/Java/JavaVirtualMachines/jdk1.8.0_45.jdk/Contents/Home/lib/packager.jar:/Library/Java/JavaVirtualMachines/jdk1.8.0_45.jdk/Contents/Home/lib/sa-jdi.jar:/Library/Java/JavaVirtualMachines/jdk1.8.0_45.jdk/Contents/Home/lib/tools.jar:/Library/Java/JavaVirtualMachines/jdk1.8.0_45.jdk/Contents/Home/jre/lib/charsets.jar:/Library/Java/JavaVirtualMachines/jdk1.8.0_45.jdk/Contents/Home/jre/lib/deploy.jar:/Library/Java/JavaVirtualMachines/jdk1.8.0_45.jdk/Contents/Home/jre/lib/javaws.jar:/Library/Java/JavaVirtualMachines/jdk1.8.0_45.jdk/Contents/Home/jre/lib/jce.jar:/Library/Java/JavaVirtualMachines/jdk1.8.0_45.jdk/Contents/Home/jre/lib/jfr.jar:/Library/Java/JavaVirtualMachines/jdk1.8.0_45.jdk/Contents/Home/jre/lib/jfxswt.jar:/Library/Java/JavaVirtualMachines/jdk1.8.0_45.jdk/Contents/Home/jre/lib/jsse.jar:/Library/Java/JavaVirtualMachines/jdk1.8.0_45.jdk/Contents/Home/jre/lib/management-agent.jar:/Library/Java/JavaVirtualMachines/jdk1.8.0_45.jdk/Contents/Home/jre/lib/plugin.jar:/Library/Java/JavaVirtualMachines/jdk1.8.0_45.jdk/Contents/Home/jre/lib/resources.jar:/Library/Java/JavaVirtualMachines/jdk1.8.0_45.jdk/Contents/Home/jre/lib/rt.jar:/Library/Java/JavaVirtualMachines/jdk1.8.0_45.jdk/Contents/Home/jre/lib/ext/cldrdata.jar:/Library/Java/JavaVirtualMachines/jdk1.8.0_45.jdk/Contents/Home/jre/lib/ext/dnsns.jar:/Library/Java/JavaVirtualMachines/jdk1.8.0_45.jdk/Contents/Home/jre/lib/ext/jfxrt.jar:/Library/Java/JavaVirtualMachines/jdk1.8.0_45.jdk/Contents/Home/jre/lib/ext/localedata.jar:/Library/Java/JavaVirtualMachines/jdk1.8.0_45.jdk/Contents/Home/jre/lib/ext/nashorn.jar:/Library/Java/JavaVirtualMachines/jdk1.8.0_45.jdk/Conten
Launcher Type: SUN_STANDARD

Environment Variables:
PATH=/usr/local/bin:/usr/bin:/bin:/usr/sbin:/sbin:/usr/local/mysql/bin
SHELL=/bin/bash

Signal Handlers:
SIGSEGV: [libjvm.dylib+0x58ef95], sa_mask[0]=11111111011111110111111111111111, sa_flags=SA_ONSTACK|SA_RESTART|SA_SIGINFO
SIGBUS: [libjvm.dylib+0x58ef95], sa_mask[0]=11111111011111110111111111111111, sa_flags=SA_RESTART|SA_SIGINFO
SIGFPE: [libjvm.dylib+0x46c108], sa_mask[0]=11111111011111110111111111111111, sa_flags=SA_RESTART|SA_SIGINFO
SIGPIPE: [libjvm.dylib+0x46c108], sa_mask[0]=11111111011111110111111111111111, sa_flags=SA_RESTART|SA_SIGINFO
SIGXFSZ: [libjvm.dylib+0x46c108], sa_mask[0]=11111111011111110111111111111111, sa_flags=SA_RESTART|SA_SIGINFO
SIGILL: [libjvm.dylib+0x46c108], sa_mask[0]=11111111011111110111111111111111, sa_flags=SA_RESTART|SA_SIGINFO
SIGUSR1: SIG_DFL, sa_mask[0]=00000000000000000000000000000000, sa_flags=none
SIGUSR2: [libjvm.dylib+0x46bc26], sa_mask[0]=00100000000000000000000000000000, sa_flags=SA_RESTART|SA_SIGINFO
SIGHUP: [libjvm.dylib+0x46a1f9], sa_mask[0]=11111111011111110111111111111111, sa_flags=SA_RESTART|SA_SIGINFO
SIGINT: [libjvm.dylib+0x46a1f9], sa_mask[0]=11111111011111110111111111111111, sa_flags=SA_RESTART|SA_SIGINFO
SIGTERM: [libjvm.dylib+0x46a1f9], sa_mask[0]=11111111011111110111111111111111, sa_flags=SA_RESTART|SA_SIGINFO
SIGQUIT: [libjvm.dylib+0x46a1f9], sa_mask[0]=11111111011111110111111111111111, sa_flags=SA_RESTART|SA_SIGINFO


---------------  S Y S T E M  ---------------

OS:Bsduname:Darwin 14.3.0 Darwin Kernel Version 14.3.0: Mon Mar 23 11:59:05 PDT 2015; root:xnu-2782.20.48~5/RELEASE_X86_64 x86_64
rlimit: STACK 8192k, CORE 0k, NPROC 709, NOFILE 10240, AS infinity
load average:5.67 5.89 5.37

CPU:total 4 (2 cores per cpu, 2 threads per core) family 6 model 61 stepping 4, cmov, cx8, fxsr, mmx, sse, sse2, sse3, ssse3, sse4.1, sse4.2, popcnt, avx, avx2, aes, clmul, erms, 3dnowpref, lzcnt, ht, tsc, tscinvbit, bmi1, bmi2, adx

Memory: 4k page, physical 8388608k(44864k free)

/proc/meminfo:


vm_info: Java HotSpot(TM) 64-Bit Server VM (25.45-b02) for bsd-amd64 JRE (1.8.0_45-b14), built on Apr 10 2015 10:46:38 by "java_re" with gcc 4.2.1 (Based on Apple Inc. build 5658) (LLVM build 2336.11.00)

time: Fri Nov  6 10:24:12 2015
elapsed time: 48209 seconds (0d 13h 23m 29s)

